<?xml version="1.0" encoding="utf-8"?><testsuites name="pytest tests"><testsuite name="pytest" errors="0" failures="0" skipped="2" tests="2" time="5.805" timestamp="2026-03-12T11:12:41.567290+02:00" hostname="Jason-Quaicoo"><testcase classname="tests.test_local_check.TestLocalCheckTrue" name="test_local_check_true_under_threshold_passes" time="2.007"><skipped type="pytest.skip" message="PYTHON_ACCESSFLOW_SDK_TOKEN or ACCESSFLOW_SDK_API_KEY not set. For local testing, create python-selenium-tests/.env with:&#10;  PYTHON_ACCESSFLOW_SDK_TOKEN=flow-your-key-here">/Users/jasonquaicoo/Documents/auditor-testing/audit-rules/python-selenium-tests/tests/test_local_check.py:41: PYTHON_ACCESSFLOW_SDK_TOKEN or ACCESSFLOW_SDK_API_KEY not set. For local testing, create python-selenium-tests/.env with:
  PYTHON_ACCESSFLOW_SDK_TOKEN=flow-your-key-here</skipped></testcase><testcase classname="tests.test_local_check.TestLocalCheckFalse" name="test_local_check_false_records_violations_but_does_not_fail" time="3.771"><skipped type="pytest.skip" message="PYTHON_ACCESSFLOW_SDK_TOKEN or ACCESSFLOW_SDK_API_KEY not set. For local testing, create python-selenium-tests/.env with:&#10;  PYTHON_ACCESSFLOW_SDK_TOKEN=flow-your-key-here">/Users/jasonquaicoo/Documents/auditor-testing/audit-rules/python-selenium-tests/tests/test_local_check.py:63: PYTHON_ACCESSFLOW_SDK_TOKEN or ACCESSFLOW_SDK_API_KEY not set. For local testing, create python-selenium-tests/.env with:
  PYTHON_ACCESSFLOW_SDK_TOKEN=flow-your-key-here</skipped></testcase></testsuite></testsuites>