<?xml version="1.0" encoding="utf-8"?><testsuites name="pytest tests"><testsuite name="pytest" errors="0" failures="0" skipped="0" tests="7" time="47.857" timestamp="2026-03-12T15:22:50.915495+02:00" hostname="Jason-Quaicoo"><testcase classname="tests.test_sdk_audit_init_and_basic_reports.TestSDKInitialization" name="test_should_initialize_without_errors" time="0.035" /><testcase classname="tests.test_sdk_audit_init_and_basic_reports.TestSDKInitialization" name="test_should_create_instance_bound_to_driver" time="3.489" /><testcase classname="tests.test_sdk_audit_init_and_basic_reports.TestAuditHomePage" name="test_should_return_report_on_home_page" time="7.541" /><testcase classname="tests.test_sdk_audit_init_and_basic_reports.TestAuditHomePage" name="test_audit_should_complete_without_throwing" time="7.239" /><testcase classname="tests.test_sdk_audit_init_and_basic_reports.TestAuditGraphicsRoute" name="test_should_return_report_for_graphics_alt_text_route" time="7.891" /><testcase classname="tests.test_sdk_audit_init_and_basic_reports.TestAuditGraphicsRoute" name="test_multiple_audits_on_same_page_should_be_stable" time="8.395" /><testcase classname="tests.test_sdk_audit_init_and_basic_reports.TestAuditAfterNavigation" name="test_should_audit_successfully_after_route_change" time="13.197" /></testsuite></testsuites>