-------------------------------------------------------------------------------
Test set: com.accessflow.SdkAuditHiddenContentThresholdsTest
-------------------------------------------------------------------------------
Tests run: 1, Failures: 0, Errors: 1, Skipped: 0, Time elapsed: 3.578 s <<< FAILURE! -- in com.accessflow.SdkAuditHiddenContentThresholdsTest
com.accessflow.SdkAuditHiddenContentThresholdsTest.testAuditAcrossStatesAndVerifyThresholds -- Time elapsed: 3.575 s <<< ERROR!
java.lang.RuntimeException: AccessFlowSDK: API key is missing. Please set ACCESSFLOW_SDK_API_KEY in your environment or pass apiKey to the constructor.
	at com.acsbe.accessflow.AccessFlowSDK.verifyApiKey(AccessFlowSDK.java:282)
	at com.acsbe.accessflow.AccessFlowSDK.audit(AccessFlowSDK.java:352)
	at com.accessflow.SdkAuditHiddenContentThresholdsTest.testAuditAcrossStatesAndVerifyThresholds(SdkAuditHiddenContentThresholdsTest.java:79)
	at java.base/java.lang.reflect.Method.invoke(Method.java:565)
	at java.base/java.util.ArrayList.forEach(ArrayList.java:1604)
	at java.base/java.util.ArrayList.forEach(ArrayList.java:1604)

