<?xml version="1.0" encoding="UTF-8"?>
<testsuite xmlns:xsi="http://www.w3.org/2001/XMLSchema-instance" xsi:noNamespaceSchemaLocation="https://maven.apache.org/surefire/maven-surefire-plugin/xsd/surefire-test-report-3.0.xsd" version="3.0" name="com.accessflow.AccessFlowSDKBehaviorTest" time="29.543" tests="7" errors="4" skipped="0" failures="1">
  <properties>
[...]
</properties>
  <testcase name="testInitWithValidKey" classname="com.accessflow.AccessFlowSDKBehaviorTest" time="0.144"/>
  <testcase name="testInstanceBindsToPage" classname="com.accessflow.AccessFlowSDKBehaviorTest" time="0.236"/>
  <testcase name="testAuditHomePage" classname="com.accessflow.AccessFlowSDKBehaviorTest" time="5.367">
    <error message="AccessFlowSDK: API key is missing. Please set ACCESSFLOW_SDK_API_KEY in your environment or pass apiKey to the constructor." type="java.lang.RuntimeException"><![CDATA[java.lang.RuntimeException: AccessFlowSDK: API key is missing. Please set ACCESSFLOW_SDK_API_KEY in your environment or pass apiKey to the constructor.
	at com.acsbe.accessflow.AccessFlowSDK.verifyApiKey(AccessFlowSDK.java:239)
	at com.acsbe.accessflow.AccessFlowSDK.audit(AccessFlowSDK.java:309)
	at com.accessflow.AccessFlowSDKBehaviorTest.testAuditHomePage(AccessFlowSDKBehaviorTest.java:104)
	at java.base/java.lang.reflect.Method.invoke(Method.java:569)
	at java.base/java.util.ArrayList.forEach(ArrayList.java:1511)
	at java.base/java.util.ArrayList.forEach(ArrayList.java:1511)
]]></error>
  </testcase>
  <testcase name="testAuditDoesNotThrow" classname="com.accessflow.AccessFlowSDKBehaviorTest" time="2.452">
    <failure message="sdk.audit() should not throw on a well-formed page ==&gt; Unexpected exception thrown: java.lang.RuntimeException: AccessFlowSDK: API key is missing. Please set ACCESSFLOW_SDK_API_KEY in your environment or pass apiKey to the constructor." type="org.opentest4j.AssertionFailedError"><![CDATA[org.opentest4j.AssertionFailedError: sdk.audit() should not throw on a well-formed page ==> Unexpected exception thrown: java.lang.RuntimeException: AccessFlowSDK: API key is missing. Please set ACCESSFLOW_SDK_API_KEY in your environment or pass apiKey to the constructor.
	at org.junit.jupiter.api.AssertionFailureBuilder.build(AssertionFailureBuilder.java:152)
	at org.junit.jupiter.api.AssertDoesNotThrow.createAssertionFailedError(AssertDoesNotThrow.java:84)
	at org.junit.jupiter.api.AssertDoesNotThrow.assertDoesNotThrow(AssertDoesNotThrow.java:75)
	at org.junit.jupiter.api.AssertDoesNotThrow.assertDoesNotThrow(AssertDoesNotThrow.java:62)
	at org.junit.jupiter.api.Assertions.assertDoesNotThrow(Assertions.java:3249)
	at com.accessflow.AccessFlowSDKBehaviorTest.testAuditDoesNotThrow(AccessFlowSDKBehaviorTest.java:114)
	at java.base/java.lang.reflect.Method.invoke(Method.java:569)
	at java.base/java.util.ArrayList.forEach(ArrayList.java:1511)
	at java.base/java.util.ArrayList.forEach(ArrayList.java:1511)
Caused by: java.lang.RuntimeException: AccessFlowSDK: API key is missing. Please set ACCESSFLOW_SDK_API_KEY in your environment or pass apiKey to the constructor.
	at com.acsbe.accessflow.AccessFlowSDK.verifyApiKey(AccessFlowSDK.java:239)
	at com.acsbe.accessflow.AccessFlowSDK.audit(AccessFlowSDK.java:309)
	at org.junit.jupiter.api.AssertDoesNotThrow.assertDoesNotThrow(AssertDoesNotThrow.java:71)
	... 6 more
]]></failure>
  </testcase>
  <testcase name="testAuditGraphicsRoute" classname="com.accessflow.AccessFlowSDKBehaviorTest" time="2.477">
    <error message="AccessFlowSDK: API key is missing. Please set ACCESSFLOW_SDK_API_KEY in your environment or pass apiKey to the constructor." type="java.lang.RuntimeException"><![CDATA[java.lang.RuntimeException: AccessFlowSDK: API key is missing. Please set ACCESSFLOW_SDK_API_KEY in your environment or pass apiKey to the constructor.
	at com.acsbe.accessflow.AccessFlowSDK.verifyApiKey(AccessFlowSDK.java:239)
	at com.acsbe.accessflow.AccessFlowSDK.audit(AccessFlowSDK.java:309)
	at com.accessflow.AccessFlowSDKBehaviorTest.testAuditGraphicsRoute(AccessFlowSDKBehaviorTest.java:127)
	at java.base/java.lang.reflect.Method.invoke(Method.java:569)
	at java.base/java.util.ArrayList.forEach(ArrayList.java:1511)
	at java.base/java.util.ArrayList.forEach(ArrayList.java:1511)
]]></error>
  </testcase>
  <testcase name="testMultipleAuditsStable" classname="com.accessflow.AccessFlowSDKBehaviorTest" time="2.485">
    <error message="AccessFlowSDK: API key is missing. Please set ACCESSFLOW_SDK_API_KEY in your environment or pass apiKey to the constructor." type="java.lang.RuntimeException"><![CDATA[java.lang.RuntimeException: AccessFlowSDK: API key is missing. Please set ACCESSFLOW_SDK_API_KEY in your environment or pass apiKey to the constructor.
	at com.acsbe.accessflow.AccessFlowSDK.verifyApiKey(AccessFlowSDK.java:239)
	at com.acsbe.accessflow.AccessFlowSDK.audit(AccessFlowSDK.java:309)
	at com.accessflow.AccessFlowSDKBehaviorTest.testMultipleAuditsStable(AccessFlowSDKBehaviorTest.java:137)
	at java.base/java.lang.reflect.Method.invoke(Method.java:569)
	at java.base/java.util.ArrayList.forEach(ArrayList.java:1511)
	at java.base/java.util.ArrayList.forEach(ArrayList.java:1511)
]]></error>
  </testcase>
  <testcase name="testAuditAfterRouteChange" classname="com.accessflow.AccessFlowSDKBehaviorTest" time="2.503">
    <error message="AccessFlowSDK: API key is missing. Please set ACCESSFLOW_SDK_API_KEY in your environment or pass apiKey to the constructor." type="java.lang.RuntimeException"><![CDATA[java.lang.RuntimeException: AccessFlowSDK: API key is missing. Please set ACCESSFLOW_SDK_API_KEY in your environment or pass apiKey to the constructor.
	at com.acsbe.accessflow.AccessFlowSDK.verifyApiKey(AccessFlowSDK.java:239)
	at com.acsbe.accessflow.AccessFlowSDK.audit(AccessFlowSDK.java:309)
	at com.accessflow.AccessFlowSDKBehaviorTest.testAuditAfterRouteChange(AccessFlowSDKBehaviorTest.java:154)
	at java.base/java.lang.reflect.Method.invoke(Method.java:569)
	at java.base/java.util.ArrayList.forEach(ArrayList.java:1511)
	at java.base/java.util.ArrayList.forEach(ArrayList.java:1511)
]]></error>
  </testcase>
</testsuite>